Using pre-set license
Built from '2020.3/staging' branch; Version is '2020.3.18f1 (a7d1c678663c) revision 10998214'; Using compiler version '192528614'; Build Type 'Release'
OS: 'Windows 10 Home; OS build 19043.1566; Version 2009; 64bit' Language: 'en' Physical Memory: 16242 MB
BatchMode: 1, IsHumanControllingUs: 0, StartBugReporterOnCrash: 0, Is64bit: 1, IsPro: 0

COMMAND LINE ARGUMENTS:
C:\Program Files\Unity\Hub\Editor\2020.3.18f1\Editor\Unity.exe
-adb2
-batchMode
-noUpm
-name
AssetImportWorker0
-projectPath
C:/Users/Andrew/Desktop/Commuter-Chaos
-logFile
Logs/AssetImportWorker0.log
-srvPort
52967
Successfully changed project path to: C:/Users/Andrew/Desktop/Commuter-Chaos
C:/Users/Andrew/Desktop/Commuter-Chaos
Using Asset Import Pipeline V2.
Refreshing native plugins compatible for Editor in 79.81 ms, found 2 plugins.
Preloading 0 native plugins for Editor in 0.00 ms.
Initialize engine version: 2020.3.18f1 (a7d1c678663c)
[Subsystems] Discovering subsystems at path C:/Program Files/Unity/Hub/Editor/2020.3.18f1/Editor/Data/Resources/UnitySubsystems
[Subsystems] Discovering subsystems at path C:/Users/Andrew/Desktop/Commuter-Chaos/Assets
GfxDevice: creating device client; threaded=0
Direct3D:
    Version:  Direct3D 11.0 [level 11.1]
    Renderer: NVIDIA GeForce GTX 1060 (ID=0x1c20)
    Vendor:   
    VRAM:     6052 MB
    Driver:   27.21.14.6242
Initialize mono
Mono path[0] = 'C:/Program Files/Unity/Hub/Editor/2020.3.18f1/Editor/Data/Managed'
Mono path[1] = 'C:/Program Files/Unity/Hub/Editor/2020.3.18f1/Editor/Data/MonoBleedingEdge/lib/mono/unityjit'
Mono config path = 'C:/Program Files/Unity/Hub/Editor/2020.3.18f1/Editor/Data/MonoBleedingEdge/etc'
Using monoOptions --debugger-agent=transport=dt_socket,embedding=1,server=y,suspend=n,address=127.0.0.1:56524
Begin MonoManager ReloadAssembly
Registering precompiled unity dll's ...
Register platform support module: C:/Program Files/Unity/Hub/Editor/2020.3.18f1/Editor/Data/PlaybackEngines/WindowsStandaloneSupport/UnityEditor.WindowsStandalone.Extensions.dll
Registered in 0.004579 seconds.
Native extension for WindowsStandalone target not found
Refreshing native plugins compatible for Editor in 56.06 ms, found 2 plugins.
Preloading 0 native plugins for Editor in 0.00 ms.
Mono: successfully reloaded assembly
- Completed reload, in  2.188 seconds
Domain Reload Profiling:
	ReloadAssembly (2188ms)
		BeginReloadAssembly (112ms)
			ExecutionOrderSort (0ms)
			DisableScriptedObjects (0ms)
			BackupInstance (0ms)
			ReleaseScriptingObjects (0ms)
			CreateAndSetChildDomain (1ms)
		EndReloadAssembly (861ms)
			LoadAssemblies (107ms)
			RebuildTransferFunctionScriptingTraits (0ms)
			SetupTypeCache (305ms)
			ReleaseScriptCaches (0ms)
			RebuildScriptCaches (82ms)
			SetupLoadedEditorAssemblies (305ms)
				LogAssemblyErrors (0ms)
				InitializePlatformSupportModulesInManaged (8ms)
				SetLoadedEditorAssemblies (0ms)
				RefreshPlugins (56ms)
				BeforeProcessingInitializeOnLoad (16ms)
				ProcessInitializeOnLoadAttributes (163ms)
				ProcessInitializeOnLoadMethodAttributes (61ms)
				AfterProcessingInitializeOnLoad (0ms)
				EditorAssembliesLoaded (0ms)
			ExecutionOrderSort2 (0ms)
			AwakeInstancesAfterBackupRestoration (0ms)
Platform modules already initialized, skipping
Registering precompiled user dll's ...
Registered in 0.005714 seconds.
Begin MonoManager ReloadAssembly
Native extension for WindowsStandalone target not found
Refreshing native plugins compatible for Editor in 0.88 ms, found 2 plugins.
Preloading 0 native plugins for Editor in 0.00 ms.
Mono: successfully reloaded assembly
- Completed reload, in  2.028 seconds
Domain Reload Profiling:
	ReloadAssembly (2029ms)
		BeginReloadAssembly (326ms)
			ExecutionOrderSort (0ms)
			DisableScriptedObjects (10ms)
			BackupInstance (0ms)
			ReleaseScriptingObjects (0ms)
			CreateAndSetChildDomain (37ms)
		EndReloadAssembly (1572ms)
			LoadAssemblies (209ms)
			RebuildTransferFunctionScriptingTraits (0ms)
			SetupTypeCache (514ms)
			ReleaseScriptCaches (1ms)
			RebuildScriptCaches (83ms)
			SetupLoadedEditorAssemblies (600ms)
				LogAssemblyErrors (0ms)
				InitializePlatformSupportModulesInManaged (9ms)
				SetLoadedEditorAssemblies (1ms)
				RefreshPlugins (1ms)
				BeforeProcessingInitializeOnLoad (109ms)
				ProcessInitializeOnLoadAttributes (456ms)
				ProcessInitializeOnLoadMethodAttributes (10ms)
				AfterProcessingInitializeOnLoad (14ms)
				EditorAssembliesLoaded (0ms)
			ExecutionOrderSort2 (0ms)
			AwakeInstancesAfterBackupRestoration (15ms)
Platform modules already initialized, skipping
========================================================================
Worker process is ready to serve import requests
Launched and connected shader compiler UnityShaderCompiler.exe after 0.15 seconds
Refreshing native plugins compatible for Editor in 0.58 ms, found 2 plugins.
Preloading 0 native plugins for Editor in 0.00 ms.
Unloading 1399 Unused Serialized files (Serialized files now loaded: 0)
System memory in use before: 66.0 MB.
System memory in use after: 66.1 MB.

Unloading 16 unused Assets to reduce memory usage. Loaded Objects now: 1836.
Total: 6.285100 ms (FindLiveObjects: 0.280200 ms CreateObjectMapping: 0.111700 ms MarkObjects: 5.723100 ms  DeleteObjects: 0.168400 ms)

AssetImportParameters requested are different than current active one (requested -> active):
  custom:framework-win-MediaFoundation: 216162199b28c13a410421893ffa2e32 -> 
  custom:video-decoder-ogg-theora: a1e56fd34408186e4bbccfd4996cb3dc -> 
  custom:container-muxer-webm: aa71ff27fc2769a1b78a27578f13a17b -> 
  custom:container-demuxer-webm: 4f35f7cbe854078d1ac9338744f61a02 -> 
  custom:container-demuxer-ogg: 62fdf1f143b41e24485cea50d1cbac27 -> 
  custom:video-encoder-webm-vp8: eb34c28f22e8b96e1ab97ce403110664 -> 
  custom:video-decoder-webm-vp8: 9c59270c3fd7afecdb556c50c9e8de78 -> 
  custom:audio-decoder-ogg-vorbis: bf7c407c2cedff20999df2af8eb42d56 -> 
  custom:audio-encoder-webm-vorbis: bf7c407c2cedff20999df2af8eb42d56 -> 
========================================================================
Received Import Request.
  path: Assets/Prefabs/BrokenVector/LowPolyCarPack/Materials/PBR/Car_Lamps.mat
  artifactKey: Guid(98f7409cb2311754790226154951b58b) Importer(815301076,1909f56bfc062723c751e8b465ee728b)
Start importing Assets/Prefabs/BrokenVector/LowPolyCarPack/Materials/PBR/Car_Lamps.mat using Guid(98f7409cb2311754790226154951b58b) Importer(815301076,1909f56bfc062723c751e8b465ee728b)  -> (artifact id: 'c7375ad98424f98560dffac8b58dba66') in 0.797543 seconds 
  Import took 0.802206 seconds .

========================================================================
Received Import Request.
  Time since last request: 0.000547 seconds.
  path: Assets/Prefabs/BrokenVector/LowPolyCarPack/Materials/PBR/Car_Windows.mat
  artifactKey: Guid(2e2f85c2d31ee15459da8b5872f104f5) Importer(815301076,1909f56bfc062723c751e8b465ee728b)
Start importing Assets/Prefabs/BrokenVector/LowPolyCarPack/Materials/PBR/Car_Windows.mat using Guid(2e2f85c2d31ee15459da8b5872f104f5) Importer(815301076,1909f56bfc062723c751e8b465ee728b)  -> (artifact id: '6a1b4930533537ab21b1986a58ca855c') in 0.542122 seconds 
  Import took 0.546569 seconds .

========================================================================
Received Import Request.
  Time since last request: 0.000505 seconds.
  path: Assets/Prefabs/BrokenVector/LowPolyCarPack/ExampleAssets/Models/Materials/wood.mat
  artifactKey: Guid(4bc462b665aa4b04fac0cadf86f4eb04) Importer(815301076,1909f56bfc062723c751e8b465ee728b)
Start importing Assets/Prefabs/BrokenVector/LowPolyCarPack/ExampleAssets/Models/Materials/wood.mat using Guid(4bc462b665aa4b04fac0cadf86f4eb04) Importer(815301076,1909f56bfc062723c751e8b465ee728b)  -> (artifact id: 'c5dc4e7d03b705248e78507cd736d911') in 0.324981 seconds 
  Import took 0.328902 seconds .

========================================================================
Received Import Request.
  Time since last request: 0.000379 seconds.
  path: Assets/Prefabs/BrokenVector/LowPolyCarPack/Materials/PBR/Car_Paint_Blue.mat
  artifactKey: Guid(fc6f26659e5567247a111d9247465c13) Importer(815301076,1909f56bfc062723c751e8b465ee728b)
Start importing Assets/Prefabs/BrokenVector/LowPolyCarPack/Materials/PBR/Car_Paint_Blue.mat using Guid(fc6f26659e5567247a111d9247465c13) Importer(815301076,1909f56bfc062723c751e8b465ee728b)  -> (artifact id: 'bce31ec40f271cd5a09a3823f9688188') in 0.037277 seconds 
  Import took 0.043293 seconds .

========================================================================
Received Import Request.
  Time since last request: 0.000359 seconds.
  path: Assets/Prefabs/BrokenVector/LowPolyCarPack/Materials/PBR/Car_Paint_Purple.mat
  artifactKey: Guid(fcf59a39d922f5b408fb9de922c1ee34) Importer(815301076,1909f56bfc062723c751e8b465ee728b)
Start importing Assets/Prefabs/BrokenVector/LowPolyCarPack/Materials/PBR/Car_Paint_Purple.mat using Guid(fcf59a39d922f5b408fb9de922c1ee34) Importer(815301076,1909f56bfc062723c751e8b465ee728b)  -> (artifact id: 'aa3ae0c2f4402827fde5207870c48753') in 0.043651 seconds 
  Import took 0.052002 seconds .

========================================================================
Received Import Request.
  Time since last request: 0.000788 seconds.
  path: Assets/Prefabs/BrokenVector/LowPolyCarPack/Materials/Unlit/Car_Paint_Purple_Unlit.mat
  artifactKey: Guid(b80ac39bd6871754f9b6885ff48eca51) Importer(815301076,1909f56bfc062723c751e8b465ee728b)
Start importing Assets/Prefabs/BrokenVector/LowPolyCarPack/Materials/Unlit/Car_Paint_Purple_Unlit.mat using Guid(b80ac39bd6871754f9b6885ff48eca51) Importer(815301076,1909f56bfc062723c751e8b465ee728b)  -> (artifact id: 'ec799f73cb3622d4cf8c9081eb292c60') in 0.178440 seconds 
  Import took 0.185630 seconds .

========================================================================
Received Import Request.
  Time since last request: 0.000708 seconds.
  path: Assets/Prefabs/BrokenVector/LowPolyCarPack/ExampleAssets/Models/Materials/wire.mat
  artifactKey: Guid(dcf6ff65abb46fd44b9b46a4ea2769c2) Importer(815301076,1909f56bfc062723c751e8b465ee728b)
Start importing Assets/Prefabs/BrokenVector/LowPolyCarPack/ExampleAssets/Models/Materials/wire.mat using Guid(dcf6ff65abb46fd44b9b46a4ea2769c2) Importer(815301076,1909f56bfc062723c751e8b465ee728b)  -> (artifact id: 'b9a4e5adc3d558da42d2e5597fc9b25c') in 0.043588 seconds 
  Import took 0.052541 seconds .

========================================================================
Received Import Request.
  Time since last request: 0.000797 seconds.
  path: Assets/Prefabs/BrokenVector/LowPolyCarPack/Materials/Unlit/Car_Paint_Red_Unlit.mat
  artifactKey: Guid(7e2e5ea8973ba124c90c2d39988f40a4) Importer(815301076,1909f56bfc062723c751e8b465ee728b)
Start importing Assets/Prefabs/BrokenVector/LowPolyCarPack/Materials/Unlit/Car_Paint_Red_Unlit.mat using Guid(7e2e5ea8973ba124c90c2d39988f40a4) Importer(815301076,1909f56bfc062723c751e8b465ee728b)  -> (artifact id: '7ee79fe94ec59f254c1a22476c32dfd5') in 0.058455 seconds 
  Import took 0.068634 seconds .

========================================================================
Received Import Request.
  Time since last request: 0.000853 seconds.
  path: Assets/Prefabs/BrokenVector/LowPolyCarPack/ExampleAssets/Models/Materials/road.mat
  artifactKey: Guid(bc5af52b5ad16ea45b5dab458ce6d4f4) Importer(815301076,1909f56bfc062723c751e8b465ee728b)
Start importing Assets/Prefabs/BrokenVector/LowPolyCarPack/ExampleAssets/Models/Materials/road.mat using Guid(bc5af52b5ad16ea45b5dab458ce6d4f4) Importer(815301076,1909f56bfc062723c751e8b465ee728b)  -> (artifact id: 'e46a597eaf7906b3b6ed987880714c1c') in 0.049471 seconds 
  Import took 0.057870 seconds .

========================================================================
Received Import Request.
  Time since last request: 0.000697 seconds.
  path: Assets/Prefabs/BrokenVector/LowPolyCarPack/Materials/Unlit/Car_Rubber_Unlit.mat
  artifactKey: Guid(4810b56cdf36d5b428c7999d26387dea) Importer(815301076,1909f56bfc062723c751e8b465ee728b)
Start importing Assets/Prefabs/BrokenVector/LowPolyCarPack/Materials/Unlit/Car_Rubber_Unlit.mat using Guid(4810b56cdf36d5b428c7999d26387dea) Importer(815301076,1909f56bfc062723c751e8b465ee728b)  -> (artifact id: 'f7659b2464bb5c5d7d091d43cc9d34e2') in 0.044124 seconds 
  Import took 0.052149 seconds .

========================================================================
Received Import Request.
  Time since last request: 0.000720 seconds.
  path: Assets/Prefabs/BrokenVector/LowPolyCarPack/ExampleAssets/Models/Materials/rock.mat
  artifactKey: Guid(a60f2e7b2b5dd834e9a746ed245d069e) Importer(815301076,1909f56bfc062723c751e8b465ee728b)
Start importing Assets/Prefabs/BrokenVector/LowPolyCarPack/ExampleAssets/Models/Materials/rock.mat using Guid(a60f2e7b2b5dd834e9a746ed245d069e) Importer(815301076,1909f56bfc062723c751e8b465ee728b)  -> (artifact id: '3aa089c9c8385a2b84282ee9fc7f705c') in 0.056687 seconds 
  Import took 0.066200 seconds .

========================================================================
Received Import Request.
  Time since last request: 0.000779 seconds.
  path: Assets/Prefabs/BrokenVector/LowPolyCarPack/ExampleAssets/Models/Materials/roadalt.mat
  artifactKey: Guid(2afdb63b43302a8498b4e6c3f80d52e4) Importer(815301076,1909f56bfc062723c751e8b465ee728b)
Start importing Assets/Prefabs/BrokenVector/LowPolyCarPack/ExampleAssets/Models/Materials/roadalt.mat using Guid(2afdb63b43302a8498b4e6c3f80d52e4) Importer(815301076,1909f56bfc062723c751e8b465ee728b)  -> (artifact id: '157ebea566f809cf95a9fe3a6a7b4c18') in 0.048182 seconds 
  Import took 0.059125 seconds .

========================================================================
Received Import Request.
  Time since last request: 0.000973 seconds.
  path: Assets/Prefabs/BrokenVector/LowPolyCarPack/Materials/Unlit/Car_Paint_Yellow_Unlit.mat
  artifactKey: Guid(a0053e9b22b22a947b5c0b13d86934f9) Importer(815301076,1909f56bfc062723c751e8b465ee728b)
Start importing Assets/Prefabs/BrokenVector/LowPolyCarPack/Materials/Unlit/Car_Paint_Yellow_Unlit.mat using Guid(a0053e9b22b22a947b5c0b13d86934f9) Importer(815301076,1909f56bfc062723c751e8b465ee728b)  -> (artifact id: 'ec009f7f65e7119bf113d3d98e0224b9') in 0.052171 seconds 
  Import took 0.060907 seconds .

========================================================================
Received Import Request.
  Time since last request: 0.000740 seconds.
  path: Assets/Prefabs/BrokenVector/LowPolyCarPack/Materials/Unlit/Car_Windows_Unlit.mat
  artifactKey: Guid(5179a11c362457440a208aa2e368e795) Importer(815301076,1909f56bfc062723c751e8b465ee728b)
Start importing Assets/Prefabs/BrokenVector/LowPolyCarPack/Materials/Unlit/Car_Windows_Unlit.mat using Guid(5179a11c362457440a208aa2e368e795) Importer(815301076,1909f56bfc062723c751e8b465ee728b)  -> (artifact id: '13de72bed7a030a97703ae035ce81d5f') in 0.046344 seconds 
  Import took 0.054430 seconds .

========================================================================
Received Import Request.
  Time since last request: 0.000826 seconds.
  path: Assets/Prefabs/BrokenVector/LowPolyCarPack/Materials/Unlit/Car_Lamps_Unlit.mat
  artifactKey: Guid(12eb27b38f3739e4c8ee871ef0b177b8) Importer(815301076,1909f56bfc062723c751e8b465ee728b)
Start importing Assets/Prefabs/BrokenVector/LowPolyCarPack/Materials/Unlit/Car_Lamps_Unlit.mat using Guid(12eb27b38f3739e4c8ee871ef0b177b8) Importer(815301076,1909f56bfc062723c751e8b465ee728b)  -> (artifact id: '300f2142972799afead7f65becea4b37') in 0.051305 seconds 
  Import took 0.064688 seconds .

========================================================================
Received Import Request.
  Time since last request: 0.000826 seconds.
  path: Assets/Prefabs/BrokenVector/LowPolyCarPack/Materials/PBR/Car_Paint_Green.mat
  artifactKey: Guid(7035d7f8757dc2946904e38b831bf42b) Importer(815301076,1909f56bfc062723c751e8b465ee728b)
Start importing Assets/Prefabs/BrokenVector/LowPolyCarPack/Materials/PBR/Car_Paint_Green.mat using Guid(7035d7f8757dc2946904e38b831bf42b) Importer(815301076,1909f56bfc062723c751e8b465ee728b)  -> (artifact id: '6aef28fecc21f77298186916763a7166') in 0.032073 seconds 
  Import took 0.043492 seconds .

========================================================================
Received Import Request.
  Time since last request: 0.000560 seconds.
  path: Assets/Prefabs/BrokenVector/LowPolyCarPack/ExampleAssets/Models/Materials/Sand.mat
  artifactKey: Guid(cb2e75aa1bf35ab4dbb9e063eed6be6e) Importer(815301076,1909f56bfc062723c751e8b465ee728b)
Start importing Assets/Prefabs/BrokenVector/LowPolyCarPack/ExampleAssets/Models/Materials/Sand.mat using Guid(cb2e75aa1bf35ab4dbb9e063eed6be6e) Importer(815301076,1909f56bfc062723c751e8b465ee728b)  -> (artifact id: '7b2a089ab34e3864b344318bfd5364c1') in 0.032537 seconds 
  Import took 0.039552 seconds .

========================================================================
Received Import Request.
  Time since last request: 0.000504 seconds.
  path: Assets/Prefabs/BrokenVector/LowPolyCarPack/Materials/Unlit/Car_Paint_Blue_Unlit.mat
  artifactKey: Guid(a07001461da8b324ebe7f74daf962498) Importer(815301076,1909f56bfc062723c751e8b465ee728b)
Start importing Assets/Prefabs/BrokenVector/LowPolyCarPack/Materials/Unlit/Car_Paint_Blue_Unlit.mat using Guid(a07001461da8b324ebe7f74daf962498) Importer(815301076,1909f56bfc062723c751e8b465ee728b)  -> (artifact id: 'b2739854bb7d3df136a3d2a64c459698') in 0.031461 seconds 
  Import took 0.037343 seconds .

========================================================================
Received Import Request.
  Time since last request: 0.000548 seconds.
  path: Assets/Prefabs/BrokenVector/LowPolyCarPack/ExampleAssets/Models/Materials/stripes.mat
  artifactKey: Guid(e4784b48ac99cf140bc2d0eaebee4644) Importer(815301076,1909f56bfc062723c751e8b465ee728b)
Start importing Assets/Prefabs/BrokenVector/LowPolyCarPack/ExampleAssets/Models/Materials/stripes.mat using Guid(e4784b48ac99cf140bc2d0eaebee4644) Importer(815301076,1909f56bfc062723c751e8b465ee728b)  -> (artifact id: 'f946c0db22aa4941b0cc432c7cd14176') in 0.030844 seconds 
  Import took 0.039348 seconds .

========================================================================
Received Import Request.
  Time since last request: 0.000577 seconds.
  path: Assets/Prefabs/BrokenVector/LowPolyCarPack/Materials/Unlit/Car_Paint_Silver_Unlit.mat
  artifactKey: Guid(a02bfad305321a7468f8194a49e7125f) Importer(815301076,1909f56bfc062723c751e8b465ee728b)
Start importing Assets/Prefabs/BrokenVector/LowPolyCarPack/Materials/Unlit/Car_Paint_Silver_Unlit.mat using Guid(a02bfad305321a7468f8194a49e7125f) Importer(815301076,1909f56bfc062723c751e8b465ee728b)  -> (artifact id: '6df306591895d3f916ce151412a810d3') in 0.035238 seconds 
  Import took 0.043326 seconds .

========================================================================
Received Import Request.
  Time since last request: 0.000527 seconds.
  path: Assets/Prefabs/BrokenVector/LowPolyCarPack/Materials/PBR/Car_Paint_Yellow.mat
  artifactKey: Guid(4add69fc6d74a5946ae4c9a81ed429ef) Importer(815301076,1909f56bfc062723c751e8b465ee728b)
Start importing Assets/Prefabs/BrokenVector/LowPolyCarPack/Materials/PBR/Car_Paint_Yellow.mat using Guid(4add69fc6d74a5946ae4c9a81ed429ef) Importer(815301076,1909f56bfc062723c751e8b465ee728b)  -> (artifact id: 'd736298c4de15e6edc8e5d2f49f372b3') in 0.033962 seconds 
  Import took 0.040436 seconds .

========================================================================
Received Import Request.
  Time since last request: 0.000803 seconds.
  path: Assets/Prefabs/Player_Car.prefab
  artifactKey: Guid(96b5f217250cf204a9299bfe682a6ecc) Importer(815301076,1909f56bfc062723c751e8b465ee728b)
Start importing Assets/Prefabs/Player_Car.prefab using Guid(96b5f217250cf204a9299bfe682a6ecc) Importer(815301076,1909f56bfc062723c751e8b465ee728b)  -> (artifact id: '84c0560e8c80da7ee9f7463f90b2808c') in 0.093072 seconds 
  Import took 0.100549 seconds .

========================================================================
Received Import Request.
  Time since last request: 0.000485 seconds.
  path: Assets/Prefabs/BrokenVector/LowPolyCarPack/Materials/PBR/Car_Paint_Silver.mat
  artifactKey: Guid(2a6c8fdceeee488418663a46854ab545) Importer(815301076,1909f56bfc062723c751e8b465ee728b)
Start importing Assets/Prefabs/BrokenVector/LowPolyCarPack/Materials/PBR/Car_Paint_Silver.mat using Guid(2a6c8fdceeee488418663a46854ab545) Importer(815301076,1909f56bfc062723c751e8b465ee728b)  -> (artifact id: 'b24b5a08c056ff1df162c45167155141') in 0.040045 seconds 
  Import took 0.049971 seconds .

========================================================================
Received Import Request.
  Time since last request: 0.003500 seconds.
  path: Assets/Prefabs/BrokenVector/LowPolyCarPack/Materials/PBR/Car_Rubber.mat
  artifactKey: Guid(6d2772f3b3b6e97469d2b0a9b385ff1d) Importer(815301076,1909f56bfc062723c751e8b465ee728b)
Start importing Assets/Prefabs/BrokenVector/LowPolyCarPack/Materials/PBR/Car_Rubber.mat using Guid(6d2772f3b3b6e97469d2b0a9b385ff1d) Importer(815301076,1909f56bfc062723c751e8b465ee728b)  -> (artifact id: '4c46ff2006c4c7b4e69c6f843caf812f') in 0.050669 seconds 
  Import took 0.059559 seconds .

========================================================================
Received Import Request.
  Time since last request: 0.000748 seconds.
  path: Assets/Prefabs/BrokenVector/LowPolyCarPack/Materials/Unlit/Car_Paint_Green_Unlit.mat
  artifactKey: Guid(f53167daf8f01e34c963df78be8509fd) Importer(815301076,1909f56bfc062723c751e8b465ee728b)
Start importing Assets/Prefabs/BrokenVector/LowPolyCarPack/Materials/Unlit/Car_Paint_Green_Unlit.mat using Guid(f53167daf8f01e34c963df78be8509fd) Importer(815301076,1909f56bfc062723c751e8b465ee728b)  -> (artifact id: 'cc25e594577d99194829630d58f6c3ac') in 0.045969 seconds 
  Import took 0.054763 seconds .

========================================================================
Received Import Request.
  Time since last request: 0.000767 seconds.
  path: Assets/Prefabs/BrokenVector/LowPolyCarPack/ExampleAssets/Models/Materials/yellowgreen.mat
  artifactKey: Guid(c86769698a3d6814d9e5a560c5c20e6c) Importer(815301076,1909f56bfc062723c751e8b465ee728b)
Start importing Assets/Prefabs/BrokenVector/LowPolyCarPack/ExampleAssets/Models/Materials/yellowgreen.mat using Guid(c86769698a3d6814d9e5a560c5c20e6c) Importer(815301076,1909f56bfc062723c751e8b465ee728b)  -> (artifact id: 'd047974f41ab6910e764cfafd82a7143') in 0.045465 seconds 
  Import took 0.055646 seconds .

========================================================================
Received Import Request.
  Time since last request: 0.000870 seconds.
  path: Assets/Prefabs/BrokenVector/LowPolyCarPack/ExampleAssets/Models/Materials/bluegreen.mat
  artifactKey: Guid(2f741ca76d5d14241b47bc6e8c2a42c8) Importer(815301076,1909f56bfc062723c751e8b465ee728b)
Start importing Assets/Prefabs/BrokenVector/LowPolyCarPack/ExampleAssets/Models/Materials/bluegreen.mat using Guid(2f741ca76d5d14241b47bc6e8c2a42c8) Importer(815301076,1909f56bfc062723c751e8b465ee728b)  -> (artifact id: '5e7bf15760f9d91accee2d4eccebeb06') in 0.043689 seconds 
  Import took 0.052324 seconds .

========================================================================
Received Import Request.
  Time since last request: 0.000673 seconds.
  path: Assets/Prefabs/BrokenVector/LowPolyCarPack/Materials/PBR/Car_Paint_Red.mat
  artifactKey: Guid(7f915564e02d7624aaa88d7674e83075) Importer(815301076,1909f56bfc062723c751e8b465ee728b)
Start importing Assets/Prefabs/BrokenVector/LowPolyCarPack/Materials/PBR/Car_Paint_Red.mat using Guid(7f915564e02d7624aaa88d7674e83075) Importer(815301076,1909f56bfc062723c751e8b465ee728b)  -> (artifact id: '1cecaeec0850094e23c2df0209b82a8e') in 0.045061 seconds 
  Import took 0.052563 seconds .

========================================================================
Received Prepare
Refreshing native plugins compatible for Editor in 5.84 ms, found 2 plugins.
Preloading 0 native plugins for Editor in 0.00 ms.
Unloading 9 Unused Serialized files (Serialized files now loaded: 0)
System memory in use before: 41.9 MB.
System memory in use after: 42.0 MB.

Unloading 9 unused Assets to reduce memory usage. Loaded Objects now: 1876.
Total: 6.385600 ms (FindLiveObjects: 0.259600 ms CreateObjectMapping: 0.102500 ms MarkObjects: 5.998400 ms  DeleteObjects: 0.023600 ms)

AssetImportParameters requested are different than current active one (requested -> active):
  custom:framework-win-MediaFoundation: 216162199b28c13a410421893ffa2e32 -> 
  custom:video-decoder-ogg-theora: a1e56fd34408186e4bbccfd4996cb3dc -> 
  custom:container-muxer-webm: aa71ff27fc2769a1b78a27578f13a17b -> 
  custom:container-demuxer-webm: 4f35f7cbe854078d1ac9338744f61a02 -> 
  custom:container-demuxer-ogg: 62fdf1f143b41e24485cea50d1cbac27 -> 
  custom:video-encoder-webm-vp8: eb34c28f22e8b96e1ab97ce403110664 -> 
  custom:video-decoder-webm-vp8: 9c59270c3fd7afecdb556c50c9e8de78 -> 
  custom:audio-decoder-ogg-vorbis: bf7c407c2cedff20999df2af8eb42d56 -> 
  custom:audio-encoder-webm-vorbis: bf7c407c2cedff20999df2af8eb42d56 -> 
========================================================================
Received Import Request.
  Time since last request: 67.861094 seconds.
  path: Assets/Scenes/GameScene.unity
  artifactKey: Guid(120ee686676e1cf41872fc6b9bc4edaf) Importer(815301076,1909f56bfc062723c751e8b465ee728b)
Start importing Assets/Scenes/GameScene.unity using Guid(120ee686676e1cf41872fc6b9bc4edaf) Importer(815301076,1909f56bfc062723c751e8b465ee728b)  -> (artifact id: '270cd543968459a0edbe61f2294b77a1') in 0.016835 seconds 
  Import took 0.020576 seconds .

========================================================================
Received Import Request.
  Time since last request: 0.013792 seconds.
  path: Assets/Scenes/GameScene.unity
  artifactKey: Guid(120ee686676e1cf41872fc6b9bc4edaf) Importer(815301076,1909f56bfc062723c751e8b465ee728b)
Start importing Assets/Scenes/GameScene.unity using Guid(120ee686676e1cf41872fc6b9bc4edaf) Importer(815301076,1909f56bfc062723c751e8b465ee728b)  -> (artifact id: '270cd543968459a0edbe61f2294b77a1') in 0.005024 seconds 
  Import took 0.011052 seconds .

========================================================================
Received Prepare
Registering precompiled user dll's ...
Registered in 0.005679 seconds.
Begin MonoManager ReloadAssembly
Native extension for WindowsStandalone target not found
Refreshing native plugins compatible for Editor in 0.47 ms, found 2 plugins.
Preloading 0 native plugins for Editor in 0.00 ms.
Mono: successfully reloaded assembly
- Completed reload, in  2.077 seconds
Domain Reload Profiling:
	ReloadAssembly (2077ms)
		BeginReloadAssembly (210ms)
			ExecutionOrderSort (0ms)
			DisableScriptedObjects (8ms)
			BackupInstance (0ms)
			ReleaseScriptingObjects (0ms)
			CreateAndSetChildDomain (66ms)
		EndReloadAssembly (1727ms)
			LoadAssemblies (187ms)
			RebuildTransferFunctionScriptingTraits (0ms)
			SetupTypeCache (569ms)
			ReleaseScriptCaches (1ms)
			RebuildScriptCaches (73ms)
			SetupLoadedEditorAssemblies (685ms)
				LogAssemblyErrors (0ms)
				InitializePlatformSupportModulesInManaged (10ms)
				SetLoadedEditorAssemblies (1ms)
				RefreshPlugins (1ms)
				BeforeProcessingInitializeOnLoad (99ms)
				ProcessInitializeOnLoadAttributes (553ms)
				ProcessInitializeOnLoadMethodAttributes (7ms)
				AfterProcessingInitializeOnLoad (14ms)
				EditorAssembliesLoaded (0ms)
			ExecutionOrderSort2 (0ms)
			AwakeInstancesAfterBackupRestoration (13ms)
Platform modules already initialized, skipping
Refreshing native plugins compatible for Editor in 0.57 ms, found 2 plugins.
Preloading 0 native plugins for Editor in 0.00 ms.
Unloading 1391 Unused Serialized files (Serialized files now loaded: 0)
System memory in use before: 69.0 MB.
System memory in use after: 69.1 MB.

Unloading 11 unused Assets to reduce memory usage. Loaded Objects now: 1878.
Total: 4.148400 ms (FindLiveObjects: 0.199200 ms CreateObjectMapping: 0.061100 ms MarkObjects: 3.865200 ms  DeleteObjects: 0.021600 ms)

AssetImportParameters requested are different than current active one (requested -> active):
  custom:framework-win-MediaFoundation: 216162199b28c13a410421893ffa2e32 -> 
  custom:video-decoder-ogg-theora: a1e56fd34408186e4bbccfd4996cb3dc -> 
  custom:container-muxer-webm: aa71ff27fc2769a1b78a27578f13a17b -> 
  custom:container-demuxer-webm: 4f35f7cbe854078d1ac9338744f61a02 -> 
  custom:container-demuxer-ogg: 62fdf1f143b41e24485cea50d1cbac27 -> 
  custom:video-encoder-webm-vp8: eb34c28f22e8b96e1ab97ce403110664 -> 
  custom:video-decoder-webm-vp8: 9c59270c3fd7afecdb556c50c9e8de78 -> 
  custom:audio-decoder-ogg-vorbis: bf7c407c2cedff20999df2af8eb42d56 -> 
  custom:audio-encoder-webm-vorbis: bf7c407c2cedff20999df2af8eb42d56 -> 
========================================================================
Received Import Request.
  Time since last request: 1332.283427 seconds.
  path: Assets/Textures
  artifactKey: Guid(649ab284041024c4f902518d2a6212e0) Importer(815301076,1909f56bfc062723c751e8b465ee728b)
Start importing Assets/Textures using Guid(649ab284041024c4f902518d2a6212e0) Importer(815301076,1909f56bfc062723c751e8b465ee728b)  -> (artifact id: '7d33e0440b43271f08c849c713e4b14c') in 0.021205 seconds 
  Import took 0.027268 seconds .

========================================================================
Received Import Request.
  Time since last request: 60.344375 seconds.
  path: Assets/Textures/white_car_unsplash.jpg
  artifactKey: Guid(546ae64fbdb6533439fd773e04f508e4) Importer(815301076,1909f56bfc062723c751e8b465ee728b)
Start importing Assets/Textures/white_car_unsplash.jpg using Guid(546ae64fbdb6533439fd773e04f508e4) Importer(815301076,1909f56bfc062723c751e8b465ee728b)  -> (artifact id: 'abff8bac2061903155afe4601035d9b3') in 0.167055 seconds 
  Import took 0.173160 seconds .

========================================================================
Received Prepare
Registering precompiled user dll's ...
Registered in 0.002632 seconds.
Begin MonoManager ReloadAssembly
Native extension for WindowsStandalone target not found
Refreshing native plugins compatible for Editor in 0.28 ms, found 2 plugins.
Preloading 0 native plugins for Editor in 0.00 ms.
Mono: successfully reloaded assembly
- Completed reload, in  0.852 seconds
Domain Reload Profiling:
	ReloadAssembly (852ms)
		BeginReloadAssembly (105ms)
			ExecutionOrderSort (0ms)
			DisableScriptedObjects (4ms)
			BackupInstance (0ms)
			ReleaseScriptingObjects (0ms)
			CreateAndSetChildDomain (31ms)
		EndReloadAssembly (692ms)
			LoadAssemblies (74ms)
			RebuildTransferFunctionScriptingTraits (0ms)
			SetupTypeCache (226ms)
			ReleaseScriptCaches (1ms)
			RebuildScriptCaches (32ms)
			SetupLoadedEditorAssemblies (270ms)
				LogAssemblyErrors (0ms)
				InitializePlatformSupportModulesInManaged (4ms)
				SetLoadedEditorAssemblies (0ms)
				RefreshPlugins (0ms)
				BeforeProcessingInitializeOnLoad (43ms)
				ProcessInitializeOnLoadAttributes (207ms)
				ProcessInitializeOnLoadMethodAttributes (5ms)
				AfterProcessingInitializeOnLoad (10ms)
				EditorAssembliesLoaded (0ms)
			ExecutionOrderSort2 (0ms)
			AwakeInstancesAfterBackupRestoration (8ms)
Platform modules already initialized, skipping
Refreshing native plugins compatible for Editor in 0.44 ms, found 2 plugins.
Preloading 0 native plugins for Editor in 0.00 ms.
Unloading 1391 Unused Serialized files (Serialized files now loaded: 0)
System memory in use before: 69.1 MB.
System memory in use after: 69.2 MB.

Unloading 11 unused Assets to reduce memory usage. Loaded Objects now: 1882.
Total: 2.749600 ms (FindLiveObjects: 0.156600 ms CreateObjectMapping: 0.042700 ms MarkObjects: 2.532800 ms  DeleteObjects: 0.016600 ms)

AssetImportParameters requested are different than current active one (requested -> active):
  custom:framework-win-MediaFoundation: 216162199b28c13a410421893ffa2e32 -> 
  custom:video-decoder-ogg-theora: a1e56fd34408186e4bbccfd4996cb3dc -> 
  custom:container-muxer-webm: aa71ff27fc2769a1b78a27578f13a17b -> 
  custom:container-demuxer-webm: 4f35f7cbe854078d1ac9338744f61a02 -> 
  custom:container-demuxer-ogg: 62fdf1f143b41e24485cea50d1cbac27 -> 
  custom:video-encoder-webm-vp8: eb34c28f22e8b96e1ab97ce403110664 -> 
  custom:video-decoder-webm-vp8: 9c59270c3fd7afecdb556c50c9e8de78 -> 
  custom:audio-decoder-ogg-vorbis: bf7c407c2cedff20999df2af8eb42d56 -> 
  custom:audio-encoder-webm-vorbis: bf7c407c2cedff20999df2af8eb42d56 -> 
========================================================================
Received Prepare
Registering precompiled user dll's ...
Registered in 0.002681 seconds.
Begin MonoManager ReloadAssembly
Native extension for WindowsStandalone target not found
Refreshing native plugins compatible for Editor in 0.28 ms, found 2 plugins.
Preloading 0 native plugins for Editor in 0.00 ms.
Mono: successfully reloaded assembly
- Completed reload, in  0.886 seconds
Domain Reload Profiling:
	ReloadAssembly (886ms)
		BeginReloadAssembly (113ms)
			ExecutionOrderSort (0ms)
			DisableScriptedObjects (4ms)
			BackupInstance (0ms)
			ReleaseScriptingObjects (0ms)
			CreateAndSetChildDomain (30ms)
		EndReloadAssembly (715ms)
			LoadAssemblies (75ms)
			RebuildTransferFunctionScriptingTraits (0ms)
			SetupTypeCache (230ms)
			ReleaseScriptCaches (1ms)
			RebuildScriptCaches (33ms)
			SetupLoadedEditorAssemblies (290ms)
				LogAssemblyErrors (0ms)
				InitializePlatformSupportModulesInManaged (4ms)
				SetLoadedEditorAssemblies (0ms)
				RefreshPlugins (0ms)
				BeforeProcessingInitializeOnLoad (42ms)
				ProcessInitializeOnLoadAttributes (229ms)
				ProcessInitializeOnLoadMethodAttributes (5ms)
				AfterProcessingInitializeOnLoad (8ms)
				EditorAssembliesLoaded (0ms)
			ExecutionOrderSort2 (0ms)
			AwakeInstancesAfterBackupRestoration (7ms)
Platform modules already initialized, skipping
Refreshing native plugins compatible for Editor in 0.33 ms, found 2 plugins.
Preloading 0 native plugins for Editor in 0.00 ms.
Unloading 1391 Unused Serialized files (Serialized files now loaded: 0)
System memory in use before: 69.1 MB.
System memory in use after: 69.2 MB.

Unloading 11 unused Assets to reduce memory usage. Loaded Objects now: 1884.
Total: 2.383100 ms (FindLiveObjects: 0.137000 ms CreateObjectMapping: 0.040100 ms MarkObjects: 2.191700 ms  DeleteObjects: 0.013700 ms)

AssetImportParameters requested are different than current active one (requested -> active):
  custom:framework-win-MediaFoundation: 216162199b28c13a410421893ffa2e32 -> 
  custom:video-decoder-ogg-theora: a1e56fd34408186e4bbccfd4996cb3dc -> 
  custom:container-muxer-webm: aa71ff27fc2769a1b78a27578f13a17b -> 
  custom:container-demuxer-webm: 4f35f7cbe854078d1ac9338744f61a02 -> 
  custom:container-demuxer-ogg: 62fdf1f143b41e24485cea50d1cbac27 -> 
  custom:video-encoder-webm-vp8: eb34c28f22e8b96e1ab97ce403110664 -> 
  custom:video-decoder-webm-vp8: 9c59270c3fd7afecdb556c50c9e8de78 -> 
  custom:audio-decoder-ogg-vorbis: bf7c407c2cedff20999df2af8eb42d56 -> 
  custom:audio-encoder-webm-vorbis: bf7c407c2cedff20999df2af8eb42d56 -> 
========================================================================
Received Prepare
Registering precompiled user dll's ...
Registered in 0.002659 seconds.
Begin MonoManager ReloadAssembly
Native extension for WindowsStandalone target not found
Refreshing native plugins compatible for Editor in 0.55 ms, found 2 plugins.
Preloading 0 native plugins for Editor in 0.00 ms.
Mono: successfully reloaded assembly
- Completed reload, in  1.151 seconds
Domain Reload Profiling:
	ReloadAssembly (1152ms)
		BeginReloadAssembly (131ms)
			ExecutionOrderSort (0ms)
			DisableScriptedObjects (5ms)
			BackupInstance (0ms)
			ReleaseScriptingObjects (0ms)
			CreateAndSetChildDomain (42ms)
		EndReloadAssembly (945ms)
			LoadAssemblies (105ms)
			RebuildTransferFunctionScriptingTraits (0ms)
			SetupTypeCache (329ms)
			ReleaseScriptCaches (1ms)
			RebuildScriptCaches (47ms)
			SetupLoadedEditorAssemblies (349ms)
				LogAssemblyErrors (0ms)
				InitializePlatformSupportModulesInManaged (6ms)
				SetLoadedEditorAssemblies (0ms)
				RefreshPlugins (1ms)
				BeforeProcessingInitializeOnLoad (59ms)
				ProcessInitializeOnLoadAttributes (269ms)
				ProcessInitializeOnLoadMethodAttributes (5ms)
				AfterProcessingInitializeOnLoad (8ms)
				EditorAssembliesLoaded (0ms)
			ExecutionOrderSort2 (0ms)
			AwakeInstancesAfterBackupRestoration (10ms)
Platform modules already initialized, skipping
Refreshing native plugins compatible for Editor in 0.40 ms, found 2 plugins.
Preloading 0 native plugins for Editor in 0.00 ms.
Unloading 1391 Unused Serialized files (Serialized files now loaded: 0)
System memory in use before: 69.1 MB.
System memory in use after: 69.2 MB.

Unloading 11 unused Assets to reduce memory usage. Loaded Objects now: 1886.
Total: 3.533700 ms (FindLiveObjects: 0.156800 ms CreateObjectMapping: 0.052900 ms MarkObjects: 3.298300 ms  DeleteObjects: 0.023700 ms)

AssetImportParameters requested are different than current active one (requested -> active):
  custom:framework-win-MediaFoundation: 216162199b28c13a410421893ffa2e32 -> 
  custom:video-decoder-ogg-theora: a1e56fd34408186e4bbccfd4996cb3dc -> 
  custom:container-muxer-webm: aa71ff27fc2769a1b78a27578f13a17b -> 
  custom:container-demuxer-webm: 4f35f7cbe854078d1ac9338744f61a02 -> 
  custom:container-demuxer-ogg: 62fdf1f143b41e24485cea50d1cbac27 -> 
  custom:video-encoder-webm-vp8: eb34c28f22e8b96e1ab97ce403110664 -> 
  custom:video-decoder-webm-vp8: 9c59270c3fd7afecdb556c50c9e8de78 -> 
  custom:audio-decoder-ogg-vorbis: bf7c407c2cedff20999df2af8eb42d56 -> 
  custom:audio-encoder-webm-vorbis: bf7c407c2cedff20999df2af8eb42d56 -> 
========================================================================
Received Prepare
Registering precompiled user dll's ...
Registered in 0.002759 seconds.
Begin MonoManager ReloadAssembly
Native extension for WindowsStandalone target not found
Refreshing native plugins compatible for Editor in 0.33 ms, found 2 plugins.
Preloading 0 native plugins for Editor in 0.00 ms.
Mono: successfully reloaded assembly
- Completed reload, in  0.865 seconds
Domain Reload Profiling:
	ReloadAssembly (865ms)
		BeginReloadAssembly (111ms)
			ExecutionOrderSort (0ms)
			DisableScriptedObjects (4ms)
			BackupInstance (0ms)
			ReleaseScriptingObjects (0ms)
			CreateAndSetChildDomain (32ms)
		EndReloadAssembly (699ms)
			LoadAssemblies (73ms)
			RebuildTransferFunctionScriptingTraits (0ms)
			SetupTypeCache (237ms)
			ReleaseScriptCaches (1ms)
			RebuildScriptCaches (34ms)
			SetupLoadedEditorAssemblies (257ms)
				LogAssemblyErrors (0ms)
				InitializePlatformSupportModulesInManaged (4ms)
				SetLoadedEditorAssemblies (0ms)
				RefreshPlugins (0ms)
				BeforeProcessingInitializeOnLoad (43ms)
				ProcessInitializeOnLoadAttributes (194ms)
				ProcessInitializeOnLoadMethodAttributes (4ms)
				AfterProcessingInitializeOnLoad (11ms)
				EditorAssembliesLoaded (1ms)
			ExecutionOrderSort2 (0ms)
			AwakeInstancesAfterBackupRestoration (10ms)
Platform modules already initialized, skipping
Refreshing native plugins compatible for Editor in 0.35 ms, found 2 plugins.
Preloading 0 native plugins for Editor in 0.00 ms.
Unloading 1391 Unused Serialized files (Serialized files now loaded: 0)
System memory in use before: 69.1 MB.
System memory in use after: 69.2 MB.

Unloading 11 unused Assets to reduce memory usage. Loaded Objects now: 1888.
Total: 3.157500 ms (FindLiveObjects: 0.202800 ms CreateObjectMapping: 0.058500 ms MarkObjects: 2.874600 ms  DeleteObjects: 0.020100 ms)

AssetImportParameters requested are different than current active one (requested -> active):
  custom:framework-win-MediaFoundation: 216162199b28c13a410421893ffa2e32 -> 
  custom:video-decoder-ogg-theora: a1e56fd34408186e4bbccfd4996cb3dc -> 
  custom:container-muxer-webm: aa71ff27fc2769a1b78a27578f13a17b -> 
  custom:container-demuxer-webm: 4f35f7cbe854078d1ac9338744f61a02 -> 
  custom:container-demuxer-ogg: 62fdf1f143b41e24485cea50d1cbac27 -> 
  custom:video-encoder-webm-vp8: eb34c28f22e8b96e1ab97ce403110664 -> 
  custom:video-decoder-webm-vp8: 9c59270c3fd7afecdb556c50c9e8de78 -> 
  custom:audio-decoder-ogg-vorbis: bf7c407c2cedff20999df2af8eb42d56 -> 
  custom:audio-encoder-webm-vorbis: bf7c407c2cedff20999df2af8eb42d56 -> 
AssetImportWorkerClient::OnTransportError - code=2 error=End of file
